{"D:\\Binar\\SecondHandFinalProject\\SecondHandBE\\app\\index.js": {"path":"D:\\Binar\\SecondHandFinalProject\\SecondHandBE\\app\\index.js","statementMap":{"0":{"start":{"line":1,"column":16},"end":{"line":1,"column":34}},"1":{"start":{"line":2,"column":15},"end":{"line":2,"column":32}},"2":{"start":{"line":3,"column":15},"end":{"line":3,"column":42}},"3":{"start":{"line":4,"column":13},"end":{"line":4,"column":28}},"4":{"start":{"line":6,"column":12},"end":{"line":6,"column":21}},"5":{"start":{"line":7,"column":0},"end":{"line":7,"column":15}},"6":{"start":{"line":9,"column":0},"end":{"line":9,"column":22}},"7":{"start":{"line":12,"column":0},"end":{"line":12,"column":23}},"8":{"start":{"line":15,"column":0},"end":{"line":15,"column":15}},"9":{"start":{"line":17,"column":0},"end":{"line":17,"column":20}}},"fnMap":{},"branchMap":{},"s":{"0":1,"1":1,"2":1,"3":1,"4":1,"5":1,"6":1,"7":1,"8":1,"9":1},"f":{},"b":{},"_coverageSchema":"1a1c01bbd47fc00a2c39e90264f33305004495a9","hash":"9c8f30b0c709606b03752e1ca50dfabf42a5a8df"}
,"D:\\Binar\\SecondHandFinalProject\\SecondHandBE\\app\\controllers\\index.js": {"path":"D:\\Binar\\SecondHandFinalProject\\SecondHandBE\\app\\controllers\\index.js","statementMap":{"0":{"start":{"line":6,"column":12},"end":{"line":6,"column":28}},"1":{"start":{"line":8,"column":0},"end":{"line":10,"column":2}}},"fnMap":{},"branchMap":{},"s":{"0":1,"1":1},"f":{},"b":{},"_coverageSchema":"1a1c01bbd47fc00a2c39e90264f33305004495a9","hash":"85a4a0b2362b9dbfaf18e53d35b295ba57f65024"}
,"D:\\Binar\\SecondHandFinalProject\\SecondHandBE\\app\\controllers\\api\\index.js": {"path":"D:\\Binar\\SecondHandFinalProject\\SecondHandBE\\app\\controllers\\api\\index.js","statementMap":{"0":{"start":{"line":6,"column":13},"end":{"line":6,"column":30}},"1":{"start":{"line":7,"column":11},"end":{"line":7,"column":26}},"2":{"start":{"line":9,"column":0},"end":{"line":12,"column":1}}},"fnMap":{},"branchMap":{},"s":{"0":1,"1":1,"2":1},"f":{},"b":{},"_coverageSchema":"1a1c01bbd47fc00a2c39e90264f33305004495a9","hash":"f6149b031376edc6e4f0708cbb62448ff701e900"}
,"D:\\Binar\\SecondHandFinalProject\\SecondHandBE\\app\\controllers\\api\\main.js": {"path":"D:\\Binar\\SecondHandFinalProject\\SecondHandBE\\app\\controllers\\api\\main.js","statementMap":{"0":{"start":{"line":6,"column":0},"end":{"line":23,"column":2}},"1":{"start":{"line":8,"column":4},"end":{"line":11,"column":7}},"2":{"start":{"line":15,"column":4},"end":{"line":21,"column":7}}},"fnMap":{"0":{"name":"(anonymous_0)","decl":{"start":{"line":7,"column":2},"end":{"line":7,"column":3}},"loc":{"start":{"line":7,"column":19},"end":{"line":12,"column":3}},"line":7},"1":{"name":"(anonymous_1)","decl":{"start":{"line":14,"column":2},"end":{"line":14,"column":3}},"loc":{"start":{"line":14,"column":31},"end":{"line":22,"column":3}},"line":14}},"branchMap":{},"s":{"0":1,"1":0,"2":0},"f":{"0":0,"1":0},"b":{},"_coverageSchema":"1a1c01bbd47fc00a2c39e90264f33305004495a9","hash":"ba495b9adbb0de1aebeaef7c05aae334c24d40ba"}
,"D:\\Binar\\SecondHandFinalProject\\SecondHandBE\\app\\controllers\\api\\v1\\cityController.js": {"path":"D:\\Binar\\SecondHandFinalProject\\SecondHandBE\\app\\controllers\\api\\v1\\cityController.js","statementMap":{"0":{"start":{"line":1,"column":20},"end":{"line":1,"column":60}},"1":{"start":{"line":3,"column":0},"end":{"line":16,"column":1}},"2":{"start":{"line":5,"column":4},"end":{"line":14,"column":5}},"3":{"start":{"line":6,"column":22},"end":{"line":6,"column":46}},"4":{"start":{"line":7,"column":6},"end":{"line":9,"column":8}},"5":{"start":{"line":11,"column":6},"end":{"line":13,"column":8}}},"fnMap":{"0":{"name":"(anonymous_0)","decl":{"start":{"line":4,"column":2},"end":{"line":4,"column":3}},"loc":{"start":{"line":4,"column":30},"end":{"line":15,"column":3}},"line":4}},"branchMap":{},"s":{"0":1,"1":1,"2":1,"3":1,"4":1,"5":0},"f":{"0":1},"b":{},"_coverageSchema":"1a1c01bbd47fc00a2c39e90264f33305004495a9","hash":"7eedbdf3581c4ea7d6e35d8efdebae1644cf559f"}
,"D:\\Binar\\SecondHandFinalProject\\SecondHandBE\\app\\controllers\\api\\v1\\index.js": {"path":"D:\\Binar\\SecondHandFinalProject\\SecondHandBE\\app\\controllers\\api\\v1\\index.js","statementMap":{"0":{"start":{"line":6,"column":23},"end":{"line":6,"column":50}},"1":{"start":{"line":7,"column":26},"end":{"line":7,"column":56}},"2":{"start":{"line":8,"column":23},"end":{"line":8,"column":50}},"3":{"start":{"line":10,"column":0},"end":{"line":14,"column":1}}},"fnMap":{},"branchMap":{},"s":{"0":1,"1":1,"2":1,"3":1},"f":{},"b":{},"_coverageSchema":"1a1c01bbd47fc00a2c39e90264f33305004495a9","hash":"fdb89da19b7a6eb554741e07aac7095f087c6978"}
,"D:\\Binar\\SecondHandFinalProject\\SecondHandBE\\app\\controllers\\api\\v1\\productController.js": {"path":"D:\\Binar\\SecondHandFinalProject\\SecondHandBE\\app\\controllers\\api\\v1\\productController.js","statementMap":{"0":{"start":{"line":1,"column":23},"end":{"line":1,"column":66}},"1":{"start":{"line":2,"column":23},"end":{"line":2,"column":66}},"2":{"start":{"line":3,"column":19},"end":{"line":3,"column":65}},"3":{"start":{"line":5,"column":0},"end":{"line":93,"column":1}},"4":{"start":{"line":8,"column":4},"end":{"line":24,"column":5}},"5":{"start":{"line":9,"column":22},"end":{"line":9,"column":49}},"6":{"start":{"line":11,"column":6},"end":{"line":16,"column":7}},"7":{"start":{"line":12,"column":8},"end":{"line":14,"column":10}},"8":{"start":{"line":15,"column":8},"end":{"line":15,"column":14}},"9":{"start":{"line":17,"column":6},"end":{"line":19,"column":8}},"10":{"start":{"line":21,"column":6},"end":{"line":23,"column":8}},"11":{"start":{"line":29,"column":4},"end":{"line":75,"column":5}},"12":{"start":{"line":30,"column":22},"end":{"line":36,"column":7}},"13":{"start":{"line":37,"column":25},"end":{"line":37,"column":65}},"14":{"start":{"line":43,"column":21},"end":{"line":58,"column":8}},"15":{"start":{"line":47,"column":8},"end":{"line":53,"column":9}},"16":{"start":{"line":48,"column":10},"end":{"line":48,"column":26}},"17":{"start":{"line":49,"column":10},"end":{"line":51,"column":12}},"18":{"start":{"line":52,"column":10},"end":{"line":52,"column":16}},"19":{"start":{"line":54,"column":8},"end":{"line":57,"column":10}},"20":{"start":{"line":59,"column":6},"end":{"line":62,"column":8}},"21":{"start":{"line":64,"column":17},"end":{"line":64,"column":19}},"22":{"start":{"line":65,"column":6},"end":{"line":70,"column":7}},"23":{"start":{"line":65,"column":19},"end":{"line":65,"column":20}},"24":{"start":{"line":66,"column":23},"end":{"line":66,"column":61}},"25":{"start":{"line":67,"column":8},"end":{"line":67,"column":29}},"26":{"start":{"line":68,"column":21},"end":{"line":68,"column":43}},"27":{"start":{"line":69,"column":8},"end":{"line":69,"column":29}},"28":{"start":{"line":72,"column":6},"end":{"line":74,"column":8}},"29":{"start":{"line":80,"column":4},"end":{"line":91,"column":5}},"30":{"start":{"line":81,"column":23},"end":{"line":83,"column":8}},"31":{"start":{"line":84,"column":6},"end":{"line":86,"column":8}},"32":{"start":{"line":88,"column":6},"end":{"line":90,"column":8}}},"fnMap":{"0":{"name":"(anonymous_0)","decl":{"start":{"line":7,"column":2},"end":{"line":7,"column":3}},"loc":{"start":{"line":7,"column":26},"end":{"line":25,"column":3}},"line":7},"1":{"name":"(anonymous_1)","decl":{"start":{"line":28,"column":2},"end":{"line":28,"column":3}},"loc":{"start":{"line":28,"column":29},"end":{"line":76,"column":3}},"line":28},"2":{"name":"(anonymous_2)","decl":{"start":{"line":43,"column":64},"end":{"line":43,"column":65}},"loc":{"start":{"line":46,"column":8},"end":{"line":58,"column":7}},"line":46},"3":{"name":"(anonymous_3)","decl":{"start":{"line":79,"column":2},"end":{"line":79,"column":3}},"loc":{"start":{"line":79,"column":30},"end":{"line":92,"column":3}},"line":79}},"branchMap":{"0":{"loc":{"start":{"line":11,"column":6},"end":{"line":16,"column":7}},"type":"if","locations":[{"start":{"line":11,"column":6},"end":{"line":16,"column":7}},{"start":{},"end":{}}],"line":11},"1":{"loc":{"start":{"line":47,"column":8},"end":{"line":53,"column":9}},"type":"if","locations":[{"start":{"line":47,"column":8},"end":{"line":53,"column":9}},{"start":{},"end":{}}],"line":47}},"s":{"0":1,"1":1,"2":1,"3":1,"4":0,"5":0,"6":0,"7":0,"8":0,"9":0,"10":0,"11":0,"12":0,"13":0,"14":0,"15":0,"16":0,"17":0,"18":0,"19":0,"20":0,"21":0,"22":0,"23":0,"24":0,"25":0,"26":0,"27":0,"28":0,"29":0,"30":0,"31":0,"32":0},"f":{"0":0,"1":0,"2":0,"3":0},"b":{"0":[0,0],"1":[0,0]},"_coverageSchema":"1a1c01bbd47fc00a2c39e90264f33305004495a9","hash":"5600acab7710a64484befa9537a1e66043ec2f5d"}
,"D:\\Binar\\SecondHandFinalProject\\SecondHandBE\\app\\controllers\\api\\v1\\userController.js": {"path":"D:\\Binar\\SecondHandFinalProject\\SecondHandBE\\app\\controllers\\api\\v1\\userController.js","statementMap":{"0":{"start":{"line":1,"column":20},"end":{"line":1,"column":60}},"1":{"start":{"line":2,"column":15},"end":{"line":2,"column":34}},"2":{"start":{"line":3,"column":12},"end":{"line":3,"column":35}},"3":{"start":{"line":4,"column":23},"end":{"line":4,"column":60}},"4":{"start":{"line":5,"column":17},"end":{"line":5,"column":43}},"5":{"start":{"line":6,"column":13},"end":{"line":6,"column":15}},"6":{"start":{"line":10,"column":2},"end":{"line":12,"column":4}},"7":{"start":{"line":16,"column":2},"end":{"line":24,"column":4}},"8":{"start":{"line":17,"column":4},"end":{"line":23,"column":6}},"9":{"start":{"line":18,"column":6},"end":{"line":21,"column":7}},"10":{"start":{"line":19,"column":8},"end":{"line":19,"column":19}},"11":{"start":{"line":20,"column":8},"end":{"line":20,"column":14}},"12":{"start":{"line":22,"column":6},"end":{"line":22,"column":32}},"13":{"start":{"line":28,"column":2},"end":{"line":36,"column":4}},"14":{"start":{"line":29,"column":4},"end":{"line":35,"column":6}},"15":{"start":{"line":30,"column":6},"end":{"line":33,"column":7}},"16":{"start":{"line":31,"column":8},"end":{"line":31,"column":19}},"17":{"start":{"line":32,"column":8},"end":{"line":32,"column":14}},"18":{"start":{"line":34,"column":6},"end":{"line":34,"column":32}},"19":{"start":{"line":41,"column":28},"end":{"line":41,"column":36}},"20":{"start":{"line":42,"column":21},"end":{"line":42,"column":61}},"21":{"start":{"line":43,"column":26},"end":{"line":43,"column":35}},"22":{"start":{"line":51,"column":4},"end":{"line":73,"column":8}},"23":{"start":{"line":54,"column":21},"end":{"line":56,"column":10}},"24":{"start":{"line":57,"column":22},"end":{"line":62,"column":10}},"25":{"start":{"line":63,"column":8},"end":{"line":66,"column":10}},"26":{"start":{"line":69,"column":8},"end":{"line":72,"column":10}},"27":{"start":{"line":77,"column":18},"end":{"line":77,"column":46}},"28":{"start":{"line":78,"column":21},"end":{"line":78,"column":38}},"29":{"start":{"line":80,"column":17},"end":{"line":80,"column":46}},"30":{"start":{"line":82,"column":4},"end":{"line":85,"column":5}},"31":{"start":{"line":83,"column":6},"end":{"line":83,"column":61}},"32":{"start":{"line":84,"column":6},"end":{"line":84,"column":12}},"33":{"start":{"line":87,"column":30},"end":{"line":87,"column":74}},"34":{"start":{"line":89,"column":4},"end":{"line":92,"column":5}},"35":{"start":{"line":90,"column":6},"end":{"line":90,"column":48}},"36":{"start":{"line":91,"column":6},"end":{"line":91,"column":12}},"37":{"start":{"line":95,"column":18},"end":{"line":100,"column":6}},"38":{"start":{"line":103,"column":4},"end":{"line":109,"column":6}},"39":{"start":{"line":113,"column":4},"end":{"line":134,"column":5}},"40":{"start":{"line":114,"column":26},"end":{"line":114,"column":51}},"41":{"start":{"line":115,"column":20},"end":{"line":115,"column":51}},"42":{"start":{"line":117,"column":27},"end":{"line":117,"column":80}},"43":{"start":{"line":119,"column":6},"end":{"line":121,"column":7}},"44":{"start":{"line":123,"column":6},"end":{"line":123,"column":30}},"45":{"start":{"line":124,"column":6},"end":{"line":124,"column":12}},"46":{"start":{"line":126,"column":6},"end":{"line":129,"column":7}},"47":{"start":{"line":127,"column":8},"end":{"line":127,"column":58}},"48":{"start":{"line":128,"column":8},"end":{"line":128,"column":14}},"49":{"start":{"line":131,"column":6},"end":{"line":133,"column":8}},"50":{"start":{"line":138,"column":4},"end":{"line":140,"column":6}},"51":{"start":{"line":143,"column":29},"end":{"line":143,"column":37}},"52":{"start":{"line":145,"column":4},"end":{"line":176,"column":5}},"53":{"start":{"line":146,"column":23},"end":{"line":148,"column":7}},"54":{"start":{"line":150,"column":41},"end":{"line":150,"column":54}},"55":{"start":{"line":152,"column":17},"end":{"line":152,"column":65}},"56":{"start":{"line":154,"column":6},"end":{"line":165,"column":10}},"57":{"start":{"line":155,"column":8},"end":{"line":165,"column":10}},"58":{"start":{"line":167,"column":6},"end":{"line":167,"column":35}},"59":{"start":{"line":169,"column":20},"end":{"line":169,"column":37}},"60":{"start":{"line":171,"column":6},"end":{"line":171,"column":37}},"61":{"start":{"line":173,"column":6},"end":{"line":173,"column":30}},"62":{"start":{"line":175,"column":6},"end":{"line":175,"column":79}},"63":{"start":{"line":182,"column":19},"end":{"line":182,"column":29}},"64":{"start":{"line":183,"column":43},"end":{"line":183,"column":51}},"65":{"start":{"line":184,"column":25},"end":{"line":184,"column":75}},"66":{"start":{"line":185,"column":22},"end":{"line":185,"column":56}},"67":{"start":{"line":187,"column":6},"end":{"line":192,"column":27}},"68":{"start":{"line":232,"column":4},"end":{"line":251,"column":5}},"69":{"start":{"line":239,"column":8},"end":{"line":249,"column":9}},"70":{"start":{"line":240,"column":10},"end":{"line":243,"column":12}},"71":{"start":{"line":244,"column":10},"end":{"line":244,"column":16}},"72":{"start":{"line":246,"column":10},"end":{"line":246,"column":61}},"73":{"start":{"line":255,"column":4},"end":{"line":267,"column":8}},"74":{"start":{"line":258,"column":8},"end":{"line":260,"column":10}},"75":{"start":{"line":263,"column":8},"end":{"line":266,"column":10}},"76":{"start":{"line":306,"column":0},"end":{"line":306,"column":31}}},"fnMap":{"0":{"name":"createToken","decl":{"start":{"line":9,"column":9},"end":{"line":9,"column":20}},"loc":{"start":{"line":9,"column":27},"end":{"line":13,"column":1}},"line":9},"1":{"name":"encryptPassword","decl":{"start":{"line":15,"column":9},"end":{"line":15,"column":24}},"loc":{"start":{"line":15,"column":35},"end":{"line":25,"column":1}},"line":15},"2":{"name":"(anonymous_2)","decl":{"start":{"line":16,"column":21},"end":{"line":16,"column":22}},"loc":{"start":{"line":16,"column":42},"end":{"line":24,"column":3}},"line":16},"3":{"name":"(anonymous_3)","decl":{"start":{"line":17,"column":32},"end":{"line":17,"column":33}},"loc":{"start":{"line":17,"column":60},"end":{"line":23,"column":5}},"line":17},"4":{"name":"checkPassword","decl":{"start":{"line":27,"column":9},"end":{"line":27,"column":22}},"loc":{"start":{"line":27,"column":52},"end":{"line":37,"column":1}},"line":27},"5":{"name":"(anonymous_5)","decl":{"start":{"line":28,"column":21},"end":{"line":28,"column":22}},"loc":{"start":{"line":28,"column":42},"end":{"line":36,"column":3}},"line":28},"6":{"name":"(anonymous_6)","decl":{"start":{"line":29,"column":48},"end":{"line":29,"column":49}},"loc":{"start":{"line":29,"column":76},"end":{"line":35,"column":5}},"line":29},"7":{"name":"(anonymous_7)","decl":{"start":{"line":40,"column":2},"end":{"line":40,"column":3}},"loc":{"start":{"line":40,"column":34},"end":{"line":74,"column":3}},"line":40},"8":{"name":"(anonymous_8)","decl":{"start":{"line":53,"column":12},"end":{"line":53,"column":13}},"loc":{"start":{"line":53,"column":43},"end":{"line":67,"column":7}},"line":53},"9":{"name":"(anonymous_9)","decl":{"start":{"line":68,"column":13},"end":{"line":68,"column":14}},"loc":{"start":{"line":68,"column":22},"end":{"line":73,"column":7}},"line":68},"10":{"name":"(anonymous_10)","decl":{"start":{"line":76,"column":2},"end":{"line":76,"column":3}},"loc":{"start":{"line":76,"column":31},"end":{"line":110,"column":3}},"line":76},"11":{"name":"(anonymous_11)","decl":{"start":{"line":112,"column":2},"end":{"line":112,"column":3}},"loc":{"start":{"line":112,"column":41},"end":{"line":135,"column":3}},"line":112},"12":{"name":"(anonymous_12)","decl":{"start":{"line":137,"column":2},"end":{"line":137,"column":3}},"loc":{"start":{"line":137,"column":32},"end":{"line":141,"column":3}},"line":137},"13":{"name":"(anonymous_13)","decl":{"start":{"line":142,"column":2},"end":{"line":142,"column":3}},"loc":{"start":{"line":142,"column":32},"end":{"line":177,"column":3}},"line":142},"14":{"name":"(anonymous_14)","decl":{"start":{"line":179,"column":2},"end":{"line":179,"column":3}},"loc":{"start":{"line":179,"column":32},"end":{"line":268,"column":3}},"line":179},"15":{"name":"(anonymous_15)","decl":{"start":{"line":238,"column":6},"end":{"line":238,"column":7}},"loc":{"start":{"line":238,"column":31},"end":{"line":250,"column":7}},"line":238},"16":{"name":"(anonymous_16)","decl":{"start":{"line":257,"column":12},"end":{"line":257,"column":13}},"loc":{"start":{"line":257,"column":18},"end":{"line":261,"column":7}},"line":257},"17":{"name":"(anonymous_17)","decl":{"start":{"line":262,"column":13},"end":{"line":262,"column":14}},"loc":{"start":{"line":262,"column":22},"end":{"line":267,"column":7}},"line":262}},"branchMap":{"0":{"loc":{"start":{"line":10,"column":24},"end":{"line":10,"column":58}},"type":"binary-expr","locations":[{"start":{"line":10,"column":24},"end":{"line":10,"column":46}},{"start":{"line":10,"column":50},"end":{"line":10,"column":58}}],"line":10},"1":{"loc":{"start":{"line":18,"column":6},"end":{"line":21,"column":7}},"type":"if","locations":[{"start":{"line":18,"column":6},"end":{"line":21,"column":7}},{"start":{},"end":{}}],"line":18},"2":{"loc":{"start":{"line":30,"column":6},"end":{"line":33,"column":7}},"type":"if","locations":[{"start":{"line":30,"column":6},"end":{"line":33,"column":7}},{"start":{},"end":{}}],"line":30},"3":{"loc":{"start":{"line":82,"column":4},"end":{"line":85,"column":5}},"type":"if","locations":[{"start":{"line":82,"column":4},"end":{"line":85,"column":5}},{"start":{},"end":{}}],"line":82},"4":{"loc":{"start":{"line":89,"column":4},"end":{"line":92,"column":5}},"type":"if","locations":[{"start":{"line":89,"column":4},"end":{"line":92,"column":5}},{"start":{},"end":{}}],"line":89},"5":{"loc":{"start":{"line":117,"column":45},"end":{"line":117,"column":79}},"type":"binary-expr","locations":[{"start":{"line":117,"column":45},"end":{"line":117,"column":67}},{"start":{"line":117,"column":71},"end":{"line":117,"column":79}}],"line":117},"6":{"loc":{"start":{"line":126,"column":6},"end":{"line":129,"column":7}},"type":"if","locations":[{"start":{"line":126,"column":6},"end":{"line":129,"column":7}},{"start":{},"end":{}}],"line":126},"7":{"loc":{"start":{"line":154,"column":6},"end":{"line":165,"column":10}},"type":"if","locations":[{"start":{"line":154,"column":6},"end":{"line":165,"column":10}},{"start":{},"end":{}}],"line":154},"8":{"loc":{"start":{"line":239,"column":8},"end":{"line":249,"column":9}},"type":"if","locations":[{"start":{"line":239,"column":8},"end":{"line":249,"column":9}},{"start":{"line":245,"column":15},"end":{"line":249,"column":9}}],"line":239}},"s":{"0":1,"1":1,"2":1,"3":1,"4":1,"5":1,"6":0,"7":0,"8":0,"9":0,"10":0,"11":0,"12":0,"13":0,"14":0,"15":0,"16":0,"17":0,"18":0,"19":0,"20":0,"21":0,"22":0,"23":0,"24":0,"25":0,"26":0,"27":0,"28":0,"29":0,"30":0,"31":0,"32":0,"33":0,"34":0,"35":0,"36":0,"37":0,"38":0,"39":0,"40":0,"41":0,"42":0,"43":0,"44":0,"45":0,"46":0,"47":0,"48":0,"49":0,"50":0,"51":0,"52":0,"53":0,"54":0,"55":0,"56":0,"57":0,"58":0,"59":0,"60":0,"61":0,"62":0,"63":0,"64":0,"65":0,"66":0,"67":0,"68":0,"69":0,"70":0,"71":0,"72":0,"73":0,"74":0,"75":0,"76":1},"f":{"0":0,"1":0,"2":0,"3":0,"4":0,"5":0,"6":0,"7":0,"8":0,"9":0,"10":0,"11":0,"12":0,"13":0,"14":0,"15":0,"16":0,"17":0},"b":{"0":[0,0],"1":[0,0],"2":[0,0],"3":[0,0],"4":[0,0],"5":[0,0],"6":[0,0],"7":[0,0],"8":[0,0]},"_coverageSchema":"1a1c01bbd47fc00a2c39e90264f33305004495a9","hash":"c6e198b1953dd3deb30cd87b7d77d26e7213bdee"}
,"D:\\Binar\\SecondHandFinalProject\\SecondHandBE\\app\\models\\barang.js": {"path":"D:\\Binar\\SecondHandFinalProject\\SecondHandBE\\app\\models\\barang.js","statementMap":{"0":{"start":{"line":2,"column":18},"end":{"line":2,"column":38}},"1":{"start":{"line":3,"column":0},"end":{"line":31,"column":1}},"2":{"start":{"line":12,"column":6},"end":{"line":12,"column":69}},"3":{"start":{"line":13,"column":6},"end":{"line":13,"column":65}},"4":{"start":{"line":16,"column":2},"end":{"line":29,"column":3}},"5":{"start":{"line":30,"column":2},"end":{"line":30,"column":15}}},"fnMap":{"0":{"name":"(anonymous_0)","decl":{"start":{"line":3,"column":17},"end":{"line":3,"column":18}},"loc":{"start":{"line":3,"column":43},"end":{"line":31,"column":1}},"line":3},"1":{"name":"(anonymous_1)","decl":{"start":{"line":10,"column":4},"end":{"line":10,"column":5}},"loc":{"start":{"line":10,"column":29},"end":{"line":14,"column":5}},"line":10}},"branchMap":{},"s":{"0":1,"1":1,"2":1,"3":1,"4":1,"5":1},"f":{"0":1,"1":1},"b":{},"_coverageSchema":"1a1c01bbd47fc00a2c39e90264f33305004495a9","hash":"3d76189950a0399198589af7a0766c59895d9530"}
,"D:\\Binar\\SecondHandFinalProject\\SecondHandBE\\app\\models\\gambarbarang.js": {"path":"D:\\Binar\\SecondHandFinalProject\\SecondHandBE\\app\\models\\gambarbarang.js","statementMap":{"0":{"start":{"line":2,"column":18},"end":{"line":2,"column":38}},"1":{"start":{"line":3,"column":0},"end":{"line":25,"column":1}},"2":{"start":{"line":14,"column":2},"end":{"line":23,"column":3}},"3":{"start":{"line":24,"column":2},"end":{"line":24,"column":21}}},"fnMap":{"0":{"name":"(anonymous_0)","decl":{"start":{"line":3,"column":17},"end":{"line":3,"column":18}},"loc":{"start":{"line":3,"column":43},"end":{"line":25,"column":1}},"line":3},"1":{"name":"(anonymous_1)","decl":{"start":{"line":10,"column":4},"end":{"line":10,"column":5}},"loc":{"start":{"line":10,"column":29},"end":{"line":12,"column":5}},"line":10}},"branchMap":{},"s":{"0":1,"1":1,"2":1,"3":1},"f":{"0":1,"1":1},"b":{},"_coverageSchema":"1a1c01bbd47fc00a2c39e90264f33305004495a9","hash":"d9a75fa5bb6df9f906a7443482ae1ec0436ade5a"}
,"D:\\Binar\\SecondHandFinalProject\\SecondHandBE\\app\\models\\index.js": {"path":"D:\\Binar\\SecondHandFinalProject\\SecondHandBE\\app\\models\\index.js","statementMap":{"0":{"start":{"line":3,"column":11},"end":{"line":3,"column":24}},"1":{"start":{"line":4,"column":13},"end":{"line":4,"column":28}},"2":{"start":{"line":5,"column":18},"end":{"line":5,"column":38}},"3":{"start":{"line":6,"column":17},"end":{"line":6,"column":42}},"4":{"start":{"line":7,"column":12},"end":{"line":7,"column":49}},"5":{"start":{"line":8,"column":15},"end":{"line":8,"column":68}},"6":{"start":{"line":9,"column":11},"end":{"line":9,"column":13}},"7":{"start":{"line":12,"column":0},"end":{"line":21,"column":1}},"8":{"start":{"line":13,"column":2},"end":{"line":13,"column":74}},"9":{"start":{"line":15,"column":2},"end":{"line":20,"column":4}},"10":{"start":{"line":23,"column":0},"end":{"line":35,"column":5}},"11":{"start":{"line":25,"column":4},"end":{"line":27,"column":6}},"12":{"start":{"line":30,"column":18},"end":{"line":33,"column":5}},"13":{"start":{"line":34,"column":4},"end":{"line":34,"column":27}},"14":{"start":{"line":37,"column":0},"end":{"line":41,"column":3}},"15":{"start":{"line":38,"column":2},"end":{"line":40,"column":3}},"16":{"start":{"line":39,"column":4},"end":{"line":39,"column":32}},"17":{"start":{"line":43,"column":0},"end":{"line":43,"column":25}},"18":{"start":{"line":44,"column":0},"end":{"line":44,"column":25}},"19":{"start":{"line":46,"column":0},"end":{"line":46,"column":20}}},"fnMap":{"0":{"name":"(anonymous_0)","decl":{"start":{"line":24,"column":10},"end":{"line":24,"column":11}},"loc":{"start":{"line":24,"column":20},"end":{"line":28,"column":3}},"line":24},"1":{"name":"(anonymous_1)","decl":{"start":{"line":29,"column":11},"end":{"line":29,"column":12}},"loc":{"start":{"line":29,"column":21},"end":{"line":35,"column":3}},"line":29},"2":{"name":"(anonymous_2)","decl":{"start":{"line":37,"column":24},"end":{"line":37,"column":25}},"loc":{"start":{"line":37,"column":39},"end":{"line":41,"column":1}},"line":37}},"branchMap":{"0":{"loc":{"start":{"line":7,"column":12},"end":{"line":7,"column":49}},"type":"binary-expr","locations":[{"start":{"line":7,"column":12},"end":{"line":7,"column":32}},{"start":{"line":7,"column":36},"end":{"line":7,"column":49}}],"line":7},"1":{"loc":{"start":{"line":12,"column":0},"end":{"line":21,"column":1}},"type":"if","locations":[{"start":{"line":12,"column":0},"end":{"line":21,"column":1}},{"start":{"line":14,"column":7},"end":{"line":21,"column":1}}],"line":12},"2":{"loc":{"start":{"line":26,"column":6},"end":{"line":26,"column":78}},"type":"binary-expr","locations":[{"start":{"line":26,"column":6},"end":{"line":26,"column":29}},{"start":{"line":26,"column":33},"end":{"line":26,"column":50}},{"start":{"line":26,"column":54},"end":{"line":26,"column":78}}],"line":26},"3":{"loc":{"start":{"line":38,"column":2},"end":{"line":40,"column":3}},"type":"if","locations":[{"start":{"line":38,"column":2},"end":{"line":40,"column":3}},{"start":{},"end":{}}],"line":38}},"s":{"0":1,"1":1,"2":1,"3":1,"4":1,"5":1,"6":1,"7":1,"8":0,"9":1,"10":1,"11":7,"12":6,"13":6,"14":1,"15":6,"16":6,"17":1,"18":1,"19":1},"f":{"0":7,"1":6,"2":6},"b":{"0":[1,0],"1":[0,1],"2":[7,7,6],"3":[6,0]},"_coverageSchema":"1a1c01bbd47fc00a2c39e90264f33305004495a9","hash":"276a0a57f9abedd47057d87e56fdc46d4e27fa78"}
,"D:\\Binar\\SecondHandFinalProject\\SecondHandBE\\app\\models\\kategori.js": {"path":"D:\\Binar\\SecondHandFinalProject\\SecondHandBE\\app\\models\\kategori.js","statementMap":{"0":{"start":{"line":2,"column":18},"end":{"line":2,"column":38}},"1":{"start":{"line":3,"column":0},"end":{"line":25,"column":1}},"2":{"start":{"line":12,"column":6},"end":{"line":12,"column":66}},"3":{"start":{"line":15,"column":2},"end":{"line":23,"column":3}},"4":{"start":{"line":24,"column":2},"end":{"line":24,"column":17}}},"fnMap":{"0":{"name":"(anonymous_0)","decl":{"start":{"line":3,"column":17},"end":{"line":3,"column":18}},"loc":{"start":{"line":3,"column":43},"end":{"line":25,"column":1}},"line":3},"1":{"name":"(anonymous_1)","decl":{"start":{"line":10,"column":4},"end":{"line":10,"column":5}},"loc":{"start":{"line":10,"column":29},"end":{"line":13,"column":5}},"line":10}},"branchMap":{},"s":{"0":1,"1":1,"2":1,"3":1,"4":1},"f":{"0":1,"1":1},"b":{},"_coverageSchema":"1a1c01bbd47fc00a2c39e90264f33305004495a9","hash":"d8eea2ca4fdffb2e668b1d0b610b1bc14530f662"}
,"D:\\Binar\\SecondHandFinalProject\\SecondHandBE\\app\\models\\kota.js": {"path":"D:\\Binar\\SecondHandFinalProject\\SecondHandBE\\app\\models\\kota.js","statementMap":{"0":{"start":{"line":2,"column":18},"end":{"line":2,"column":38}},"1":{"start":{"line":3,"column":0},"end":{"line":25,"column":1}},"2":{"start":{"line":12,"column":6},"end":{"line":12,"column":57}},"3":{"start":{"line":15,"column":2},"end":{"line":23,"column":3}},"4":{"start":{"line":24,"column":2},"end":{"line":24,"column":13}}},"fnMap":{"0":{"name":"(anonymous_0)","decl":{"start":{"line":3,"column":17},"end":{"line":3,"column":18}},"loc":{"start":{"line":3,"column":43},"end":{"line":25,"column":1}},"line":3},"1":{"name":"(anonymous_1)","decl":{"start":{"line":10,"column":4},"end":{"line":10,"column":5}},"loc":{"start":{"line":10,"column":29},"end":{"line":13,"column":5}},"line":10}},"branchMap":{},"s":{"0":1,"1":1,"2":1,"3":1,"4":1},"f":{"0":1,"1":1},"b":{},"_coverageSchema":"1a1c01bbd47fc00a2c39e90264f33305004495a9","hash":"0f22ecc580987800febb6272132cf578f3a98f4a"}
,"D:\\Binar\\SecondHandFinalProject\\SecondHandBE\\app\\models\\transaksi.js": {"path":"D:\\Binar\\SecondHandFinalProject\\SecondHandBE\\app\\models\\transaksi.js","statementMap":{"0":{"start":{"line":2,"column":45},"end":{"line":2,"column":65}},"1":{"start":{"line":3,"column":0},"end":{"line":29,"column":1}},"2":{"start":{"line":14,"column":2},"end":{"line":27,"column":3}},"3":{"start":{"line":28,"column":2},"end":{"line":28,"column":18}}},"fnMap":{"0":{"name":"(anonymous_0)","decl":{"start":{"line":3,"column":17},"end":{"line":3,"column":18}},"loc":{"start":{"line":3,"column":43},"end":{"line":29,"column":1}},"line":3},"1":{"name":"(anonymous_1)","decl":{"start":{"line":10,"column":4},"end":{"line":10,"column":5}},"loc":{"start":{"line":10,"column":29},"end":{"line":12,"column":5}},"line":10}},"branchMap":{},"s":{"0":1,"1":1,"2":1,"3":1},"f":{"0":1,"1":1},"b":{},"_coverageSchema":"1a1c01bbd47fc00a2c39e90264f33305004495a9","hash":"f7935cfe099b9d82f1289c16cf32254226ffde18"}
,"D:\\Binar\\SecondHandFinalProject\\SecondHandBE\\app\\models\\user.js": {"path":"D:\\Binar\\SecondHandFinalProject\\SecondHandBE\\app\\models\\user.js","statementMap":{"0":{"start":{"line":2,"column":18},"end":{"line":2,"column":38}},"1":{"start":{"line":3,"column":0},"end":{"line":35,"column":2}},"2":{"start":{"line":12,"column":6},"end":{"line":12,"column":60}},"3":{"start":{"line":13,"column":6},"end":{"line":13,"column":62}},"4":{"start":{"line":14,"column":6},"end":{"line":14,"column":69}},"5":{"start":{"line":17,"column":2},"end":{"line":33,"column":4}},"6":{"start":{"line":34,"column":2},"end":{"line":34,"column":14}}},"fnMap":{"0":{"name":"(anonymous_0)","decl":{"start":{"line":3,"column":17},"end":{"line":3,"column":18}},"loc":{"start":{"line":3,"column":43},"end":{"line":35,"column":1}},"line":3},"1":{"name":"(anonymous_1)","decl":{"start":{"line":10,"column":4},"end":{"line":10,"column":5}},"loc":{"start":{"line":10,"column":29},"end":{"line":15,"column":5}},"line":10}},"branchMap":{},"s":{"0":1,"1":1,"2":1,"3":1,"4":1,"5":1,"6":1},"f":{"0":1,"1":1},"b":{},"_coverageSchema":"1a1c01bbd47fc00a2c39e90264f33305004495a9","hash":"71b6a2af901d4fc16d8a6e4554c5ad788fdf13c5"}
,"D:\\Binar\\SecondHandFinalProject\\SecondHandBE\\app\\repositories\\cityRepository.js": {"path":"D:\\Binar\\SecondHandFinalProject\\SecondHandBE\\app\\repositories\\cityRepository.js","statementMap":{"0":{"start":{"line":1,"column":17},"end":{"line":1,"column":37}},"1":{"start":{"line":3,"column":0},"end":{"line":7,"column":1}},"2":{"start":{"line":5,"column":4},"end":{"line":5,"column":25}}},"fnMap":{"0":{"name":"(anonymous_0)","decl":{"start":{"line":4,"column":2},"end":{"line":4,"column":3}},"loc":{"start":{"line":4,"column":12},"end":{"line":6,"column":3}},"line":4}},"branchMap":{},"s":{"0":1,"1":1,"2":1},"f":{"0":1},"b":{},"_coverageSchema":"1a1c01bbd47fc00a2c39e90264f33305004495a9","hash":"1e5653b6294c706b09ef7777925ccbac829694e0"}
,"D:\\Binar\\SecondHandFinalProject\\SecondHandBE\\app\\repositories\\productRepository.js": {"path":"D:\\Binar\\SecondHandFinalProject\\SecondHandBE\\app\\repositories\\productRepository.js","statementMap":{"0":{"start":{"line":1,"column":43},"end":{"line":1,"column":63}},"1":{"start":{"line":3,"column":0},"end":{"line":29,"column":1}},"2":{"start":{"line":5,"column":4},"end":{"line":5,"column":27}},"3":{"start":{"line":8,"column":4},"end":{"line":8,"column":25}},"4":{"start":{"line":11,"column":4},"end":{"line":11,"column":53}},"5":{"start":{"line":15,"column":4},"end":{"line":15,"column":36}},"6":{"start":{"line":19,"column":4},"end":{"line":19,"column":42}},"7":{"start":{"line":23,"column":4},"end":{"line":23,"column":55}},"8":{"start":{"line":27,"column":4},"end":{"line":27,"column":38}}},"fnMap":{"0":{"name":"(anonymous_0)","decl":{"start":{"line":4,"column":2},"end":{"line":4,"column":3}},"loc":{"start":{"line":4,"column":12},"end":{"line":6,"column":3}},"line":4},"1":{"name":"(anonymous_1)","decl":{"start":{"line":7,"column":2},"end":{"line":7,"column":3}},"loc":{"start":{"line":7,"column":21},"end":{"line":9,"column":3}},"line":7},"2":{"name":"(anonymous_2)","decl":{"start":{"line":10,"column":2},"end":{"line":10,"column":3}},"loc":{"start":{"line":10,"column":18},"end":{"line":12,"column":3}},"line":10},"3":{"name":"(anonymous_3)","decl":{"start":{"line":14,"column":2},"end":{"line":14,"column":3}},"loc":{"start":{"line":14,"column":25},"end":{"line":16,"column":3}},"line":14},"4":{"name":"(anonymous_4)","decl":{"start":{"line":18,"column":2},"end":{"line":18,"column":3}},"loc":{"start":{"line":18,"column":30},"end":{"line":20,"column":3}},"line":18},"5":{"name":"(anonymous_5)","decl":{"start":{"line":22,"column":2},"end":{"line":22,"column":3}},"loc":{"start":{"line":22,"column":32},"end":{"line":24,"column":3}},"line":22},"6":{"name":"(anonymous_6)","decl":{"start":{"line":26,"column":2},"end":{"line":26,"column":3}},"loc":{"start":{"line":26,"column":26},"end":{"line":28,"column":3}},"line":26}},"branchMap":{},"s":{"0":1,"1":1,"2":0,"3":0,"4":0,"5":0,"6":0,"7":0,"8":0},"f":{"0":0,"1":0,"2":0,"3":0,"4":0,"5":0,"6":0},"b":{},"_coverageSchema":"1a1c01bbd47fc00a2c39e90264f33305004495a9","hash":"9794a243db487bfb05c7d6b8222e5cb678fdcfe3"}
,"D:\\Binar\\SecondHandFinalProject\\SecondHandBE\\app\\repositories\\userRepository.js": {"path":"D:\\Binar\\SecondHandFinalProject\\SecondHandBE\\app\\repositories\\userRepository.js","statementMap":{"0":{"start":{"line":1,"column":23},"end":{"line":1,"column":43}},"1":{"start":{"line":3,"column":0},"end":{"line":28,"column":1}},"2":{"start":{"line":5,"column":4},"end":{"line":5,"column":34}},"3":{"start":{"line":8,"column":4},"end":{"line":10,"column":6}},"4":{"start":{"line":13,"column":4},"end":{"line":17,"column":7}},"5":{"start":{"line":20,"column":4},"end":{"line":20,"column":26}},"6":{"start":{"line":23,"column":4},"end":{"line":23,"column":24}},"7":{"start":{"line":26,"column":4},"end":{"line":26,"column":32}}},"fnMap":{"0":{"name":"(anonymous_0)","decl":{"start":{"line":4,"column":2},"end":{"line":4,"column":3}},"loc":{"start":{"line":4,"column":21},"end":{"line":6,"column":3}},"line":4},"1":{"name":"(anonymous_1)","decl":{"start":{"line":7,"column":2},"end":{"line":7,"column":3}},"loc":{"start":{"line":7,"column":14},"end":{"line":11,"column":3}},"line":7},"2":{"name":"(anonymous_2)","decl":{"start":{"line":12,"column":2},"end":{"line":12,"column":3}},"loc":{"start":{"line":12,"column":19},"end":{"line":18,"column":3}},"line":12},"3":{"name":"(anonymous_3)","decl":{"start":{"line":19,"column":2},"end":{"line":19,"column":3}},"loc":{"start":{"line":19,"column":15},"end":{"line":21,"column":3}},"line":19},"4":{"name":"(anonymous_4)","decl":{"start":{"line":22,"column":2},"end":{"line":22,"column":3}},"loc":{"start":{"line":22,"column":16},"end":{"line":24,"column":3}},"line":22},"5":{"name":"(anonymous_5)","decl":{"start":{"line":25,"column":2},"end":{"line":25,"column":3}},"loc":{"start":{"line":25,"column":21},"end":{"line":27,"column":3}},"line":25}},"branchMap":{},"s":{"0":1,"1":1,"2":0,"3":0,"4":0,"5":0,"6":0,"7":0},"f":{"0":0,"1":0,"2":0,"3":0,"4":0,"5":0},"b":{},"_coverageSchema":"1a1c01bbd47fc00a2c39e90264f33305004495a9","hash":"14ef64804875fea3f665dca0e81b6e4e6ed27e9e"}
,"D:\\Binar\\SecondHandFinalProject\\SecondHandBE\\app\\services\\ImageKit.js": {"path":"D:\\Binar\\SecondHandFinalProject\\SecondHandBE\\app\\services\\ImageKit.js","statementMap":{"0":{"start":{"line":1,"column":0},"end":{"line":1,"column":26}},"1":{"start":{"line":3,"column":15},"end":{"line":3,"column":34}},"2":{"start":{"line":11,"column":21},"end":{"line":15,"column":2}},"3":{"start":{"line":17,"column":0},"end":{"line":17,"column":31}}},"fnMap":{},"branchMap":{},"s":{"0":1,"1":1,"2":1,"3":1},"f":{},"b":{},"_coverageSchema":"1a1c01bbd47fc00a2c39e90264f33305004495a9","hash":"bb727d64a78f6a0714d1d2b47ac1881ef9b7879f"}
,"D:\\Binar\\SecondHandFinalProject\\SecondHandBE\\app\\services\\cityService.js": {"path":"D:\\Binar\\SecondHandFinalProject\\SecondHandBE\\app\\services\\cityService.js","statementMap":{"0":{"start":{"line":1,"column":23},"end":{"line":1,"column":64}},"1":{"start":{"line":3,"column":0},"end":{"line":14,"column":1}},"2":{"start":{"line":5,"column":4},"end":{"line":12,"column":5}},"3":{"start":{"line":6,"column":19},"end":{"line":6,"column":49}},"4":{"start":{"line":7,"column":6},"end":{"line":9,"column":7}},"5":{"start":{"line":11,"column":6},"end":{"line":11,"column":17}}},"fnMap":{"0":{"name":"(anonymous_0)","decl":{"start":{"line":4,"column":2},"end":{"line":4,"column":3}},"loc":{"start":{"line":4,"column":15},"end":{"line":13,"column":3}},"line":4}},"branchMap":{},"s":{"0":1,"1":1,"2":1,"3":1,"4":1,"5":0},"f":{"0":1},"b":{},"_coverageSchema":"1a1c01bbd47fc00a2c39e90264f33305004495a9","hash":"7581548eb9fad2dae26f825c70ef43c091b34447"}
,"D:\\Binar\\SecondHandFinalProject\\SecondHandBE\\app\\services\\cloudinaryService.js": {"path":"D:\\Binar\\SecondHandFinalProject\\SecondHandBE\\app\\services\\cloudinaryService.js","statementMap":{"0":{"start":{"line":1,"column":19},"end":{"line":1,"column":43}},"1":{"start":{"line":3,"column":0},"end":{"line":8,"column":2}},"2":{"start":{"line":10,"column":0},"end":{"line":10,"column":27}}},"fnMap":{},"branchMap":{},"s":{"0":1,"1":1,"2":1},"f":{},"b":{},"_coverageSchema":"1a1c01bbd47fc00a2c39e90264f33305004495a9","hash":"6d464ff67119c90784491a56c0a589cdbaf9b74c"}
,"D:\\Binar\\SecondHandFinalProject\\SecondHandBE\\app\\services\\productService.js": {"path":"D:\\Binar\\SecondHandFinalProject\\SecondHandBE\\app\\services\\productService.js","statementMap":{"0":{"start":{"line":1,"column":26},"end":{"line":1,"column":70}},"1":{"start":{"line":3,"column":0},"end":{"line":28,"column":1}},"2":{"start":{"line":5,"column":4},"end":{"line":14,"column":5}},"3":{"start":{"line":6,"column":21},"end":{"line":6,"column":54}},"4":{"start":{"line":7,"column":26},"end":{"line":7,"column":68}},"5":{"start":{"line":8,"column":6},"end":{"line":11,"column":7}},"6":{"start":{"line":13,"column":6},"end":{"line":13,"column":17}},"7":{"start":{"line":18,"column":4},"end":{"line":18,"column":53}},"8":{"start":{"line":22,"column":4},"end":{"line":22,"column":52}},"9":{"start":{"line":26,"column":4},"end":{"line":26,"column":57}}},"fnMap":{"0":{"name":"(anonymous_0)","decl":{"start":{"line":4,"column":2},"end":{"line":4,"column":3}},"loc":{"start":{"line":4,"column":15},"end":{"line":15,"column":3}},"line":4},"1":{"name":"(anonymous_1)","decl":{"start":{"line":17,"column":2},"end":{"line":17,"column":3}},"loc":{"start":{"line":17,"column":33},"end":{"line":19,"column":3}},"line":17},"2":{"name":"(anonymous_2)","decl":{"start":{"line":21,"column":2},"end":{"line":21,"column":3}},"loc":{"start":{"line":21,"column":32},"end":{"line":23,"column":3}},"line":21},"3":{"name":"(anonymous_3)","decl":{"start":{"line":25,"column":2},"end":{"line":25,"column":3}},"loc":{"start":{"line":25,"column":37},"end":{"line":27,"column":3}},"line":25}},"branchMap":{},"s":{"0":1,"1":1,"2":0,"3":0,"4":0,"5":0,"6":0,"7":0,"8":0,"9":0},"f":{"0":0,"1":0,"2":0,"3":0},"b":{},"_coverageSchema":"1a1c01bbd47fc00a2c39e90264f33305004495a9","hash":"398588ac30db41b1ac01cce5c10bd165e3f18802"}
,"D:\\Binar\\SecondHandFinalProject\\SecondHandBE\\app\\services\\uploadOnMemory.js": {"path":"D:\\Binar\\SecondHandFinalProject\\SecondHandBE\\app\\services\\uploadOnMemory.js","statementMap":{"0":{"start":{"line":1,"column":15},"end":{"line":1,"column":32}},"1":{"start":{"line":5,"column":16},"end":{"line":5,"column":38}},"2":{"start":{"line":8,"column":0},"end":{"line":8,"column":36}}},"fnMap":{},"branchMap":{},"s":{"0":1,"1":1,"2":1},"f":{},"b":{},"_coverageSchema":"1a1c01bbd47fc00a2c39e90264f33305004495a9","hash":"418e86b75c85276a5dd725ec0e319131f0c04c25"}
,"D:\\Binar\\SecondHandFinalProject\\SecondHandBE\\app\\services\\userService.js": {"path":"D:\\Binar\\SecondHandFinalProject\\SecondHandBE\\app\\services\\userService.js","statementMap":{"0":{"start":{"line":1,"column":23},"end":{"line":1,"column":64}},"1":{"start":{"line":3,"column":0},"end":{"line":33,"column":2}},"2":{"start":{"line":5,"column":4},"end":{"line":5,"column":46}},"3":{"start":{"line":8,"column":4},"end":{"line":8,"column":42}},"4":{"start":{"line":14,"column":4},"end":{"line":14,"column":45}},"5":{"start":{"line":17,"column":17},"end":{"line":17,"column":55}},"6":{"start":{"line":18,"column":4},"end":{"line":18,"column":43}},"7":{"start":{"line":21,"column":4},"end":{"line":31,"column":5}},"8":{"start":{"line":22,"column":19},"end":{"line":22,"column":52}},"9":{"start":{"line":23,"column":24},"end":{"line":23,"column":58}},"10":{"start":{"line":25,"column":6},"end":{"line":28,"column":8}},"11":{"start":{"line":30,"column":6},"end":{"line":30,"column":16}}},"fnMap":{"0":{"name":"(anonymous_0)","decl":{"start":{"line":4,"column":2},"end":{"line":4,"column":3}},"loc":{"start":{"line":4,"column":28},"end":{"line":6,"column":3}},"line":4},"1":{"name":"(anonymous_1)","decl":{"start":{"line":7,"column":2},"end":{"line":7,"column":3}},"loc":{"start":{"line":7,"column":18},"end":{"line":9,"column":3}},"line":7},"2":{"name":"(anonymous_2)","decl":{"start":{"line":13,"column":2},"end":{"line":13,"column":3}},"loc":{"start":{"line":13,"column":21},"end":{"line":15,"column":3}},"line":13},"3":{"name":"(anonymous_3)","decl":{"start":{"line":16,"column":2},"end":{"line":16,"column":3}},"loc":{"start":{"line":16,"column":49},"end":{"line":19,"column":3}},"line":16},"4":{"name":"(anonymous_4)","decl":{"start":{"line":20,"column":2},"end":{"line":20,"column":3}},"loc":{"start":{"line":20,"column":17},"end":{"line":32,"column":3}},"line":20}},"branchMap":{},"s":{"0":1,"1":1,"2":0,"3":0,"4":0,"5":0,"6":0,"7":0,"8":0,"9":0,"10":0,"11":0},"f":{"0":0,"1":0,"2":0,"3":0,"4":0},"b":{},"_coverageSchema":"1a1c01bbd47fc00a2c39e90264f33305004495a9","hash":"2b7a2767ea84a122cd931ea51946837dcf5e618f"}
,"D:\\Binar\\SecondHandFinalProject\\SecondHandBE\\config\\database.js": {"path":"D:\\Binar\\SecondHandFinalProject\\SecondHandBE\\config\\database.js","statementMap":{"0":{"start":{"line":8,"column":13},"end":{"line":8,"column":28}},"1":{"start":{"line":9,"column":26},"end":{"line":9,"column":67}},"2":{"start":{"line":11,"column":0},"end":{"line":31,"column":1}}},"fnMap":{},"branchMap":{},"s":{"0":1,"1":1,"2":1},"f":{},"b":{},"_coverageSchema":"1a1c01bbd47fc00a2c39e90264f33305004495a9","hash":"b844fb0084c148d5cd7cca5c81e734bdc647d7de"}
,"D:\\Binar\\SecondHandFinalProject\\SecondHandBE\\config\\routes.js": {"path":"D:\\Binar\\SecondHandFinalProject\\SecondHandBE\\config\\routes.js","statementMap":{"0":{"start":{"line":1,"column":16},"end":{"line":1,"column":34}},"1":{"start":{"line":2,"column":20},"end":{"line":2,"column":49}},"2":{"start":{"line":3,"column":18},"end":{"line":3,"column":34}},"3":{"start":{"line":4,"column":23},"end":{"line":4,"column":64}},"4":{"start":{"line":6,"column":0},"end":{"line":9,"column":2}},"5":{"start":{"line":12,"column":0},"end":{"line":12,"column":110}},"6":{"start":{"line":15,"column":0},"end":{"line":15,"column":78}},"7":{"start":{"line":16,"column":0},"end":{"line":16,"column":79}},"8":{"start":{"line":19,"column":0},"end":{"line":19,"column":80}},"9":{"start":{"line":21,"column":0},"end":{"line":26,"column":2}},"10":{"start":{"line":28,"column":0},"end":{"line":31,"column":2}},"11":{"start":{"line":34,"column":0},"end":{"line":34,"column":79}},"12":{"start":{"line":46,"column":0},"end":{"line":46,"column":43}},"13":{"start":{"line":47,"column":0},"end":{"line":47,"column":44}},"14":{"start":{"line":49,"column":0},"end":{"line":49,"column":27}}},"fnMap":{},"branchMap":{},"s":{"0":1,"1":1,"2":1,"3":1,"4":1,"5":1,"6":1,"7":1,"8":1,"9":1,"10":1,"11":1,"12":1,"13":1,"14":1},"f":{},"b":{},"_coverageSchema":"1a1c01bbd47fc00a2c39e90264f33305004495a9","hash":"ab83b1f2ae9b51dd5aa681a19987bf22dfa3ad48"}
}
